Arguments: 
  C:\Program Files\nodejs\node.exe C:\Users\tree\AppData\Roaming\npm\node_modules\yarn\bin\yarn.js install

PATH: 
  C:\Users\tree\miniconda3;C:\Users\tree\miniconda3\Library\mingw-w64\bin;C:\Users\tree\miniconda3\Library\usr\bin;C:\Users\tree\miniconda3\Library\bin;C:\Users\tree\miniconda3\Scripts;C:\Users\tree\miniconda3\bin;C:\Users\tree\miniconda3\condabin;C:\Program Files\Common Files\Oracle\Java\javapath;C:\Python311\Scripts;C:\Python311;C:\Windows\system32;C:\Windows;C:\Windows\System32\Wbem;C:\Windows\System32\WindowsPowerShell\v1.0;C:\Windows\System32\OpenSSH;C:\Program Files (x86)\NVIDIA Corporation\PhysX\Common;C:\Program Files\NVIDIA Corporation\NVIDIA NvDLISR;C:\Program Files\Git\cmd;C:\Program Files\nodejs;C:\ProgramData\chocolatey\bin;C:\Program Files\Docker\Docker\resources\bin;C:\Program Files\NVIDIA Corporation\Nsight Compute 2023.1.1;C:\Program Files\Microsoft SQL Server\150\Tools\Binn;C:\Program Files\Microsoft SQL Server\Client SDK\ODBC\170\Tools\Binn;C:\Program Files\CMake\bin;C:\Program Files\dotnet;C:\Program Files\Perforce;C:\poppler-23.08.0\Library\bin;C:\Program Files\Tesseract-OCR;C:\Program Files\gs\gs10.01.2\bin;C:\Users\tree\AppData\Roaming\Python\Python311\Scripts;C:\Users\tree\.cargo\bin;C:\Users\tree\miniconda3;C:\Users\tree\miniconda3\Library\mingw-w64\bin;C:\Users\tree\miniconda3\Library\usr\bin;C:\Users\tree\miniconda3\Library\bin;C:\Users\tree\miniconda3\Scripts;C:\Program Files\Java\jdk-20\bin;C:\Users\tree\AppData\Local\Programs\Python\Python310\Scripts;C:\Users\tree\AppData\Local\Programs\Python\Python310;C:\Users\tree\AppData\Local\Microsoft\WindowsApps;C:\Users\tree\AppData\Local\Programs\Microsoft VS Code\bin;C:\Users\tree\AppData\Roaming\npm;C:\Python311\Lib\site-packages;C:\Program Files\NVIDIA GPU Computing Toolkit\CUDA\v12.1\bin;C:\Program Files\NVIDIA GPU Computing Toolkit\CUDA\v12.1\libnvvp;C:\Program Files\JetBrains\JetBrains Rider 2023.1.3\bin;.;C:\Users\tree\codeql;C:\Users\tree\.local\bin;C:\Users\tree\.local\pipx\venvs\algokit;C:\Users\tree\.dotnet\tools;C:\poppler-23.08.0\Library\bin;C:\Program Files\Tesseract-OCR;C:\Users\tree\AppData\Roaming\Python\Python311\Scripts;.

Yarn version: 
  1.22.19

Node version: 
  18.16.0

Platform: 
  win32 x64

Trace: 
  Error: ENOENT: no such file or directory, copyfile 'C:\Users\tree\AppData\Local\Yarn\Cache\v6\npm-ms-2.1.3-574c8138ce1d2b5861f0b44579dbadd60c6615b2-integrity\node_modules\ms\index.js' -> 'C:\Users\tree\Desktop\Keychain\GradianKeychain\node_modules\eslint-import-resolver-node\node_modules\ms\index.js'

npm manifest: 
  {
    "name": "ts-monorepo",
    "description": "Template for setting up a TypeScript monorepo",
    "private": true,
    "workspaces": [
      "apps/ZKWebauthnLSIGDeployer"
    ],
    "scripts": {
      "docs": "doctoc --title '**Table of content**' README.md",
      "clean": "npm run -r clean",
      "build": "npm run -r build",
      "test": "yarn workspaces foreach -A run build",
      "lint": "eslint --ext js,ts,tsx ."
    },
    "devDependencies": {
      "doctoc": "~2.2.0",
      "eslint": "~8.52.0",
      "eslint-plugin-import": "~2.29.0",
      "typescript": "~4.9.3"
    },
    "dependencies": {
      "@types/jest": "^29.5.8",
      "@typescript-eslint/eslint-plugin": "^6.4.0",
      "eslint-config-standard-with-typescript": "^39.1.1",
      "eslint-plugin-n": "^16.3.0",
      "eslint-plugin-promise": "^6.0.0",
      "jest": "^29.7.0",
      "ts-jest": "^29.1.1"
    },
    "version": "1.0.0",
    "main": "index.js",
    "repository": "git@github.com:mangoplane/monorepo-starter.git",
    "author": "mangoplane <devmon1@protonmail.com>",
    "license": "MIT"
  }

yarn manifest: 
  No manifest

Lockfile: 
  No lockfile
